========================================================================================
Report      : ERROR
Date        : Fri Nov 02 16:54:21 PDT 2018
Description : ddsi_udp_conn_write failed with error code 22
Node        : ubuntu
Process     : main <14057>
Thread      : tev 7f02280b7700
Internals   : 6.7.180404OSS/de8c6f4/de8c6f4/ddsi2/ddsi_udp.c/144/0/1541202861.233402378/0
========================================================================================
Report      : ERROR
Date        : Fri Nov 02 16:54:21 PDT 2018
Description : ddsi_udp_conn_write failed with error code 22
Node        : ubuntu
Process     : main <14057>
Thread      : tev 7f02280b7700
Internals   : 6.7.180404OSS/de8c6f4/de8c6f4/ddsi2/ddsi_udp.c/144/0/1541202861.234617631/0
========================================================================================
Report      : ERROR
Date        : Fri Nov 02 16:54:27 PDT 2018
Description : ddsi_udp_conn_write failed with error code 22
Node        : ubuntu
Process     : main <14057>
Thread      : tev 7f02280b7700
Internals   : 6.7.180404OSS/de8c6f4/de8c6f4/ddsi2/ddsi_udp.c/144/0/1541202867.426390007/0
========================================================================================
Report      : ERROR
Date        : Fri Nov 02 16:54:27 PDT 2018
Description : ddsi_udp_conn_write failed with error code 22
Node        : ubuntu
Process     : main <14057>
Thread      : tev 7f02280b7700
Internals   : 6.7.180404OSS/de8c6f4/de8c6f4/ddsi2/ddsi_udp.c/144/0/1541202867.433385400/0
========================================================================================
Report      : ERROR
Date        : Fri Nov 02 16:54:28 PDT 2018
Description : ddsi_udp_conn_write failed with error code 22
Node        : ubuntu
Process     : main <14057>
Thread      : tev 7f02280b7700
Internals   : 6.7.180404OSS/de8c6f4/de8c6f4/ddsi2/ddsi_udp.c/144/0/1541202868.569204915/0
========================================================================================
Report      : ERROR
Date        : Fri Nov 02 16:54:30 PDT 2018
Description : ddsi_udp_conn_write failed with error code 22
Node        : ubuntu
Process     : main <14057>
Thread      : tev 7f02280b7700
Internals   : 6.7.180404OSS/de8c6f4/de8c6f4/ddsi2/ddsi_udp.c/144/0/1541202870.231595259/0
========================================================================================
Report      : ERROR
Date        : Fri Nov 02 16:54:30 PDT 2018
Description : ddsi_udp_conn_write failed with error code 22
Node        : ubuntu
Process     : main <14057>
Thread      : tev 7f02280b7700
Internals   : 6.7.180404OSS/de8c6f4/de8c6f4/ddsi2/ddsi_udp.c/144/0/1541202870.235093788/0
========================================================================================
Report      : ERROR
Date        : Fri Nov 02 16:56:52 PDT 2018
Description : ddsi_udp_conn_write failed with error code 22
Node        : ubuntu
Process     : main <14057>
Thread      : tev 7f02280b7700
Internals   : 6.7.180404OSS/de8c6f4/de8c6f4/ddsi2/ddsi_udp.c/144/0/1541203012.318084080/0
========================================================================================
Report      : ERROR
Date        : Fri Nov 02 16:56:52 PDT 2018
Description : ddsi_udp_conn_write failed with error code 22
Node        : ubuntu
Process     : main <14057>
Thread      : tev 7f02280b7700
Internals   : 6.7.180404OSS/de8c6f4/de8c6f4/ddsi2/ddsi_udp.c/144/0/1541203012.324106918/0
========================================================================================
Report      : ERROR
Date        : Fri Nov 02 16:56:53 PDT 2018
Description : ddsi_udp_conn_write failed with error code 22
Node        : ubuntu
Process     : main <14057>
Thread      : tev 7f02280b7700
Internals   : 6.7.180404OSS/de8c6f4/de8c6f4/ddsi2/ddsi_udp.c/144/0/1541203013.459709933/0
========================================================================================
Report      : ERROR
Date        : Fri Nov 02 16:56:55 PDT 2018
Description : ddsi_udp_conn_write failed with error code 22
Node        : ubuntu
Process     : main <14057>
Thread      : tev 7f02280b7700
Internals   : 6.7.180404OSS/de8c6f4/de8c6f4/ddsi2/ddsi_udp.c/144/0/1541203015.121668261/0
========================================================================================
Report      : ERROR
Date        : Fri Nov 02 16:56:55 PDT 2018
Description : ddsi_udp_conn_write failed with error code 22
Node        : ubuntu
Process     : main <14057>
Thread      : tev 7f02280b7700
Internals   : 6.7.180404OSS/de8c6f4/de8c6f4/ddsi2/ddsi_udp.c/144/0/1541203015.125161446/0
========================================================================================
Report      : ERROR
Date        : Fri Nov 02 19:43:33 PDT 2018
Description : ddsi_udp_conn_write failed with error code 22
Node        : ubuntu
Process     : main <6782>
Thread      : tev 7fd781df4700
Internals   : 6.7.180404OSS/de8c6f4/de8c6f4/ddsi2/ddsi_udp.c/144/0/1541213013.653831790/0
========================================================================================
Report      : ERROR
Date        : Fri Nov 02 19:43:33 PDT 2018
Description : ddsi_udp_conn_write failed with error code 22
Node        : ubuntu
Process     : main <6782>
Thread      : tev 7fd781df4700
Internals   : 6.7.180404OSS/de8c6f4/de8c6f4/ddsi2/ddsi_udp.c/144/0/1541213013.691620471/0
========================================================================================
Report      : ERROR
Date        : Fri Nov 02 20:28:12 PDT 2018
Description : ddsi_udp_conn_write failed with error code 22
Node        : ubuntu
Process     : main <6782>
Thread      : tev 7fd781df4700
Internals   : 6.7.180404OSS/de8c6f4/de8c6f4/ddsi2/ddsi_udp.c/144/0/1541215692.564810785/0
========================================================================================
Report      : ERROR
Date        : Fri Nov 02 20:28:13 PDT 2018
Description : ddsi_udp_conn_write failed with error code 22
Node        : ubuntu
Process     : main <6782>
Thread      : tev 7fd781df4700
Internals   : 6.7.180404OSS/de8c6f4/de8c6f4/ddsi2/ddsi_udp.c/144/0/1541215693.851748486/0
========================================================================================
Report      : ERROR
Date        : Fri Nov 02 20:28:13 PDT 2018
Description : ddsi_udp_conn_write failed with error code 22
Node        : ubuntu
Process     : main <6782>
Thread      : tev 7fd781df4700
Internals   : 6.7.180404OSS/de8c6f4/de8c6f4/ddsi2/ddsi_udp.c/144/0/1541215693.855943067/0
========================================================================================
Report      : ERROR
Date        : Fri Nov 02 20:29:14 PDT 2018
Description : ddsi_udp_conn_write failed with error code 22
Node        : ubuntu
Process     : main <6782>
Thread      : tev 7fd781df4700
Internals   : 6.7.180404OSS/de8c6f4/de8c6f4/ddsi2/ddsi_udp.c/144/0/1541215754.578639345/0
========================================================================================
Report      : ERROR
Date        : Fri Nov 02 20:29:14 PDT 2018
Description : ddsi_udp_conn_write failed with error code 22
Node        : ubuntu
Process     : main <6782>
Thread      : tev 7fd781df4700
Internals   : 6.7.180404OSS/de8c6f4/de8c6f4/ddsi2/ddsi_udp.c/144/0/1541215754.581846362/0
========================================================================================
Report      : ERROR
Date        : Fri Nov 02 20:29:50 PDT 2018
Description : ddsi_udp_conn_write failed with error code 22
Node        : ubuntu
Process     : main <6782>
Thread      : tev 7fd781df4700
Internals   : 6.7.180404OSS/de8c6f4/de8c6f4/ddsi2/ddsi_udp.c/144/0/1541215790.584298559/0
========================================================================================
Report      : ERROR
Date        : Fri Nov 02 20:36:42 PDT 2018
Description : ddsi_udp_conn_write failed with error code 22
Node        : ubuntu
Process     : main <6782>
Thread      : tev 7fd781df4700
Internals   : 6.7.180404OSS/de8c6f4/de8c6f4/ddsi2/ddsi_udp.c/144/0/1541216202.999556756/0
========================================================================================
Report      : ERROR
Date        : Fri Nov 02 20:36:44 PDT 2018
Description : ddsi_udp_conn_write failed with error code 22
Node        : ubuntu
Process     : main <6782>
Thread      : tev 7fd781df4700
Internals   : 6.7.180404OSS/de8c6f4/de8c6f4/ddsi2/ddsi_udp.c/144/0/1541216204.283549955/0
========================================================================================
Report      : ERROR
Date        : Fri Nov 02 20:38:29 PDT 2018
Description : ddsi_udp_conn_write failed with error code 22
Node        : ubuntu
Process     : main <6782>
Thread      : tev 7fd781df4700
Internals   : 6.7.180404OSS/de8c6f4/de8c6f4/ddsi2/ddsi_udp.c/144/0/1541216309.913747690/0
========================================================================================
Report      : ERROR
Date        : Fri Nov 02 20:39:05 PDT 2018
Description : ddsi_udp_conn_write failed with error code 22
Node        : ubuntu
Process     : main <6782>
Thread      : tev 7fd781df4700
Internals   : 6.7.180404OSS/de8c6f4/de8c6f4/ddsi2/ddsi_udp.c/144/0/1541216345.918602569/0
========================================================================================
Report      : ERROR
Date        : Fri Nov 02 20:43:15 PDT 2018
Description : ddsi_udp_conn_write failed with error code 22
Node        : ubuntu
Process     : main <6782>
Thread      : tev 7fd781df4700
Internals   : 6.7.180404OSS/de8c6f4/de8c6f4/ddsi2/ddsi_udp.c/144/0/1541216595.538285322/0
========================================================================================
Report      : ERROR
Date        : Fri Nov 02 20:44:01 PDT 2018
Description : ddsi_udp_conn_write failed with error code 22
Node        : ubuntu
Process     : main <6782>
Thread      : tev 7fd781df4700
Internals   : 6.7.180404OSS/de8c6f4/de8c6f4/ddsi2/ddsi_udp.c/144/0/1541216641.499874365/0
========================================================================================
Report      : ERROR
Date        : Fri Nov 02 20:44:37 PDT 2018
Description : ddsi_udp_conn_write failed with error code 22
Node        : ubuntu
Process     : main <6782>
Thread      : tev 7fd781df4700
Internals   : 6.7.180404OSS/de8c6f4/de8c6f4/ddsi2/ddsi_udp.c/144/0/1541216677.505242019/0
========================================================================================
Report      : ERROR
Date        : Fri Nov 02 20:46:25 PDT 2018
Description : ddsi_udp_conn_write failed with error code 22
Node        : ubuntu
Process     : main <6782>
Thread      : tev 7fd781df4700
Internals   : 6.7.180404OSS/de8c6f4/de8c6f4/ddsi2/ddsi_udp.c/144/0/1541216785.453563299/0
========================================================================================
Report      : ERROR
Date        : Fri Nov 02 20:46:59 PDT 2018
Description : ddsi_udp_conn_write failed with error code 22
Node        : ubuntu
Process     : main <6782>
Thread      : tev 7fd781df4700
Internals   : 6.7.180404OSS/de8c6f4/de8c6f4/ddsi2/ddsi_udp.c/144/0/1541216819.529117899/0
========================================================================================
Report      : ERROR
Date        : Fri Nov 02 20:49:36 PDT 2018
Description : ddsi_udp_conn_write failed with error code 22
Node        : ubuntu
Process     : main <6782>
Thread      : tev 7fd781df4700
Internals   : 6.7.180404OSS/de8c6f4/de8c6f4/ddsi2/ddsi_udp.c/144/0/1541216976.720722361/0
========================================================================================
Report      : ERROR
Date        : Fri Nov 02 20:51:10 PDT 2018
Description : ddsi_udp_conn_write failed with error code 22
Node        : ubuntu
Process     : main <6782>
Thread      : tev 7fd781df4700
Internals   : 6.7.180404OSS/de8c6f4/de8c6f4/ddsi2/ddsi_udp.c/144/0/1541217070.009052922/0
========================================================================================
Report      : ERROR
Date        : Fri Nov 02 20:52:09 PDT 2018
Description : ddsi_udp_conn_write failed with error code 22
Node        : ubuntu
Process     : main <6782>
Thread      : tev 7fd781df4700
Internals   : 6.7.180404OSS/de8c6f4/de8c6f4/ddsi2/ddsi_udp.c/144/0/1541217129.558618341/0
========================================================================================
Report      : ERROR
Date        : Fri Nov 02 20:53:32 PDT 2018
Description : ddsi_udp_conn_write failed with error code 22
Node        : ubuntu
Process     : main <6782>
Thread      : tev 7fd781df4700
Internals   : 6.7.180404OSS/de8c6f4/de8c6f4/ddsi2/ddsi_udp.c/144/0/1541217212.625916117/0
========================================================================================
Report      : ERROR
Date        : Fri Nov 02 20:55:24 PDT 2018
Description : ddsi_udp_conn_write failed with error code 22
Node        : ubuntu
Process     : main <6782>
Thread      : tev 7fd781df4700
Internals   : 6.7.180404OSS/de8c6f4/de8c6f4/ddsi2/ddsi_udp.c/144/0/1541217324.448673713/0
========================================================================================
Report      : ERROR
Date        : Fri Nov 02 20:55:24 PDT 2018
Description : Thread deadlocked:  "OSPL Lease Renew Thread":d:1277->1277
Node        : ubuntu
Process     : main <6782>
Thread      : threadsWatchdog 7fd7846db700
Internals   : 6.7.180404OSS/de8c6f4/de8c6f4/threadsWatchdog/s_threadsMonitor.c/207/0/1541217324.448782819/-1
========================================================================================
Report      : ERROR
Date        : Fri Nov 02 20:55:24 PDT 2018
Description : Failed to update service state to 4.
Node        : ubuntu
Process     : main <6782>
Thread      : spliced 7fd7846fd700
Internals   : 6.7.180404OSS/de8c6f4/de8c6f4/OpenSplice domain service/spliced.c/1393/0/1541217324.765934197/0
========================================================================================
Report      : ERROR
Date        : Fri Nov 02 20:55:24 PDT 2018
Description : Splice-daemon failed to renew its lease within the configured lease expiry-time (10.000000000). The lease renewal took 15.287511581 s.
Node        : ubuntu
Process     : main <6782>
Thread      : OSPL Lease Renew Thread 7fd7823bb700
Internals   : 6.7.180404OSS/de8c6f4/de8c6f4/OpenSplice domain service/spliced.c/170/0/1541217324.766076002/0
========================================================================================
Report      : ERROR
Date        : Fri Nov 02 23:34:55 PDT 2018
Description : Unknown service 'splicedaemon' died
Node        : ubuntu
Process     : main <6782>
Thread      : ServiceManager 7fd784525700
Internals   : 6.7.180404OSS/de8c6f4/de8c6f4/OpenSplice domain service/serviceMonitor.c/73/0/1541226895.889965096/0
========================================================================================
Report      : ERROR
Date        : Fri Nov 02 23:34:55 PDT 2018
Description : Unknown service 'splicedaemon' died
Node        : ubuntu
Process     : main <6782>
Thread      : ServiceManager 7fd784525700
Internals   : 6.7.180404OSS/de8c6f4/de8c6f4/OpenSplice domain service/serviceMonitor.c/73/0/1541226895.890045463/0
========================================================================================
Report      : ERROR
Date        : Fri Nov 02 23:34:55 PDT 2018
Description : Unknown service 'splicedaemon' died
Node        : ubuntu
Process     : main <6782>
Thread      : ServiceManager 7fd784525700
Internals   : 6.7.180404OSS/de8c6f4/de8c6f4/OpenSplice domain service/serviceMonitor.c/73/0/1541226895.910889635/0
========================================================================================
Report      : ERROR
Date        : Fri Nov 02 23:35:05 PDT 2018
Description : Unknown service 'splicedaemon' died
Node        : ubuntu
Process     : main <6782>
Thread      : ServiceManager 7fd784525700
Internals   : 6.7.180404OSS/de8c6f4/de8c6f4/OpenSplice domain service/serviceMonitor.c/73/0/1541226905.401892867/0
========================================================================================
Report      : ERROR
Date        : Fri Nov 02 23:35:07 PDT 2018
Description : Thread deadlocked:  "ospl_spliced":d:16->16
Node        : ubuntu
Process     : main <6782>
Thread      : threadsWatchdog 7fd7846db700
Internals   : 6.7.180404OSS/de8c6f4/de8c6f4/threadsWatchdog/s_threadsMonitor.c/207/0/1541226907.286301920/-1
========================================================================================
Report      : ERROR
Date        : Fri Nov 02 23:35:07 PDT 2018
Description : The spliced main thread found not-responding. A clean shutdown is highly unlikely. Best action left: abort!
Node        : ubuntu
Process     : main <6782>
Thread      : threadsWatchdog 7fd7846db700
Internals   : 6.7.180404OSS/de8c6f4/de8c6f4/threadsWatchdog/s_threadsMonitor.c/226/0/1541226907.286598948/-1
