========================================================================================
Report      : INFO
Date        : Mon Nov 12 18:29:18 MST 2018
Description : u_domainNew:Database allocated on heap
Node        : edgar-B250M-DS3H
Process     : main <21307>
Thread      : spliced 7fcce89d1700
Internals   : V6.4.140320OSS/24b1387/24b1387/user::u_domain::u_domainNew/u_domain.c/706/0/1542072558.127734043
========================================================================================
Report      : INFO
Date        : Mon Nov 12 18:29:18 MST 2018
Description : ---------------------------------------------------------------
              -- The service is using the following configuration settings --
              ---------------------------------------------------------------
              Domain (id)          : ospl_sp_ddsi (0)
              Storage              : 10240 Kbytes
              Storage threshold    : 1024 Kbytes
              Storage address      : Not available
              Locking              : default
              Memory mode          : Heap memory
              Builtin topics       : true
              Priority inheritance : false
Node        : edgar-B250M-DS3H
Process     : main <21307>
Thread      : spliced 7fcce89d1700
Internals   : V6.4.140320OSS/24b1387/24b1387/The OpenSplice domain service/u_domain.c/827/0/1542072558.130246429
========================================================================================
Report      : INFO
Date        : Mon Nov 12 18:29:18 MST 2018
Description : ++++++++++++++++++++++++++++++++++++++++++++++++
              ++ The service 'splicedaemon' is now operational. 
              ++++++++++++++++++++++++++++++++++++++++++++++++
Node        : edgar-B250M-DS3H
Process     : main <21307>
Thread      : spliced 7fcce89d1700
Internals   : V6.4.140320OSS/24b1387/24b1387/v_serviceChangeState/v_service.c/329/0/1542072558.130639197
========================================================================================
Report      : INFO
Date        : Mon Nov 12 18:29:18 MST 2018
Description : SOAP service is reachable via port 43881
Node        : edgar-B250M-DS3H
Process     : main <21307>
Thread      : cmsoap 7fcce6276700
Internals   : V6.4.140320OSS/24b1387/24b1387/CM SOAP Service/cms_service.c/410/0/1542072558.131148951
========================================================================================
Report      : INFO
Date        : Mon Nov 12 18:29:18 MST 2018
Description : ++++++++++++++++++++++++++++++++++++++++++++++++
              ++ The service 'cmsoap' is now operational. 
              ++++++++++++++++++++++++++++++++++++++++++++++++
Node        : edgar-B250M-DS3H
Process     : main <21307>
Thread      : cmsoap 7fcce6276700
Internals   : V6.4.140320OSS/24b1387/24b1387/v_serviceChangeState/v_service.c/329/0/1542072558.131259716
========================================================================================
Report      : INFO
Date        : Mon Nov 12 18:29:18 MST 2018
Description : ++++++++++++++++++++++++++++++++++++++++++++++++
              ++ The service 'ddsi2' is now operational. 
              ++++++++++++++++++++++++++++++++++++++++++++++++
Node        : edgar-B250M-DS3H
Process     : main <21307>
Thread      : ddsi2 7fcce5ba7700
Internals   : V6.4.140320OSS/24b1387/24b1387/v_serviceChangeState/v_service.c/329/0/1542072558.133101036
========================================================================================
Report      : INFO
Date        : Mon Nov 12 18:29:18 MST 2018
Description : The durability service can by identified by ID: 132373783
Node        : edgar-B250M-DS3H
Process     : main <21307>
Thread      : durability 7fcce5f16700
Internals   : V6.4.140320OSS/24b1387/24b1387/DurabilityService/d_durability.c/476/0/1542072558.239545480
========================================================================================
Report      : INFO
Date        : Mon Nov 12 18:29:25 MST 2018
Description : ++++++++++++++++++++++++++++++++++++++++++++++++
              ++ The service 'durability' is now operational. 
              ++++++++++++++++++++++++++++++++++++++++++++++++
Node        : edgar-B250M-DS3H
Process     : main <21307>
Thread      : durability 7fcce5f16700
Internals   : V6.4.140320OSS/24b1387/24b1387/v_serviceChangeState/v_service.c/329/0/1542072565.250747383
