========================================================================================
Report      : INFO
Date        : Fri Sep 14 16:05:14 CDT 2018
Description : u_domainNew:Database allocated on heap
Node        : aditya-MacBookPro
Process     : sacpp_helloworld_pub <3408>
Thread      : spliced 7fa2a79ad700
Internals   : V6.4.140320OSS/24b1387/24b1387/user::u_domain::u_domainNew/u_domain.c/706/0/1536959114.970277671
========================================================================================
Report      : INFO
Date        : Fri Sep 14 16:05:14 CDT 2018
Description : ---------------------------------------------------------------
              -- The service is using the following configuration settings --
              ---------------------------------------------------------------
              Domain (id)          : ospl_sp_ddsi (0)
              Storage              : 10240 Kbytes
              Storage threshold    : 1024 Kbytes
              Storage address      : Not available
              Locking              : default
              Memory mode          : Heap memory
              Builtin topics       : true
              Priority inheritance : false
Node        : aditya-MacBookPro
Process     : sacpp_helloworld_pub <3408>
Thread      : spliced 7fa2a79ad700
Internals   : V6.4.140320OSS/24b1387/24b1387/The OpenSplice domain service/u_domain.c/827/0/1536959114.974229449
========================================================================================
Report      : INFO
Date        : Fri Sep 14 16:05:14 CDT 2018
Description : ++++++++++++++++++++++++++++++++++++++++++++++++
              ++ The service 'splicedaemon' is now operational. 
              ++++++++++++++++++++++++++++++++++++++++++++++++
Node        : aditya-MacBookPro
Process     : sacpp_helloworld_pub <3408>
Thread      : spliced 7fa2a79ad700
Internals   : V6.4.140320OSS/24b1387/24b1387/v_serviceChangeState/v_service.c/329/0/1536959114.974650456
========================================================================================
Report      : INFO
Date        : Fri Sep 14 16:05:14 CDT 2018
Description : SOAP service is reachable via port 36723
Node        : aditya-MacBookPro
Process     : sacpp_helloworld_pub <3408>
Thread      : cmsoap 7fa2a50df700
Internals   : V6.4.140320OSS/24b1387/24b1387/CM SOAP Service/cms_service.c/410/0/1536959114.975792063
========================================================================================
Report      : INFO
Date        : Fri Sep 14 16:05:14 CDT 2018
Description : ++++++++++++++++++++++++++++++++++++++++++++++++
              ++ The service 'cmsoap' is now operational. 
              ++++++++++++++++++++++++++++++++++++++++++++++++
Node        : aditya-MacBookPro
Process     : sacpp_helloworld_pub <3408>
Thread      : cmsoap 7fa2a50df700
Internals   : V6.4.140320OSS/24b1387/24b1387/v_serviceChangeState/v_service.c/329/0/1536959114.975965917
========================================================================================
Report      : INFO
Date        : Fri Sep 14 16:05:14 CDT 2018
Description : ++++++++++++++++++++++++++++++++++++++++++++++++
              ++ The service 'ddsi2' is now operational. 
              ++++++++++++++++++++++++++++++++++++++++++++++++
Node        : aditya-MacBookPro
Process     : sacpp_helloworld_pub <3408>
Thread      : ddsi2 7fa2a49ee700
Internals   : V6.4.140320OSS/24b1387/24b1387/v_serviceChangeState/v_service.c/329/0/1536959114.981575904
========================================================================================
Report      : INFO
Date        : Fri Sep 14 16:05:14 CDT 2018
Description : The durability service can by identified by ID: 369910521
Node        : aditya-MacBookPro
Process     : sacpp_helloworld_pub <3408>
Thread      : durability 7fa2a4d7f700
Internals   : V6.4.140320OSS/24b1387/24b1387/DurabilityService/d_durability.c/476/0/1536959114.984769517
========================================================================================
Report      : INFO
Date        : Fri Sep 14 16:08:51 CDT 2018
Description : u_domainNew:Database allocated on heap
Node        : aditya-MacBookPro
Process     : sacpp_helloworld_pub <3849>
Thread      : spliced 7fed5ed7b700
Internals   : V6.4.140320OSS/24b1387/24b1387/user::u_domain::u_domainNew/u_domain.c/706/0/1536959331.763460385
========================================================================================
Report      : INFO
Date        : Fri Sep 14 16:08:51 CDT 2018
Description : ---------------------------------------------------------------
              -- The service is using the following configuration settings --
              ---------------------------------------------------------------
              Domain (id)          : ospl_sp_ddsi (0)
              Storage              : 10240 Kbytes
              Storage threshold    : 1024 Kbytes
              Storage address      : Not available
              Locking              : default
              Memory mode          : Heap memory
              Builtin topics       : true
              Priority inheritance : false
Node        : aditya-MacBookPro
Process     : sacpp_helloworld_pub <3849>
Thread      : spliced 7fed5ed7b700
Internals   : V6.4.140320OSS/24b1387/24b1387/The OpenSplice domain service/u_domain.c/827/0/1536959331.784906224
========================================================================================
Report      : INFO
Date        : Fri Sep 14 16:08:51 CDT 2018
Description : ++++++++++++++++++++++++++++++++++++++++++++++++
              ++ The service 'splicedaemon' is now operational. 
              ++++++++++++++++++++++++++++++++++++++++++++++++
Node        : aditya-MacBookPro
Process     : sacpp_helloworld_pub <3849>
Thread      : spliced 7fed5ed7b700
Internals   : V6.4.140320OSS/24b1387/24b1387/v_serviceChangeState/v_service.c/329/0/1536959331.786104306
========================================================================================
Report      : INFO
Date        : Fri Sep 14 16:08:51 CDT 2018
Description : SOAP service is reachable via port 38465
Node        : aditya-MacBookPro
Process     : sacpp_helloworld_pub <3849>
Thread      : cmsoap 7fed5c4ad700
Internals   : V6.4.140320OSS/24b1387/24b1387/CM SOAP Service/cms_service.c/410/0/1536959331.787501440
========================================================================================
Report      : INFO
Date        : Fri Sep 14 16:08:51 CDT 2018
Description : ++++++++++++++++++++++++++++++++++++++++++++++++
              ++ The service 'cmsoap' is now operational. 
              ++++++++++++++++++++++++++++++++++++++++++++++++
Node        : aditya-MacBookPro
Process     : sacpp_helloworld_pub <3849>
Thread      : cmsoap 7fed5c4ad700
Internals   : V6.4.140320OSS/24b1387/24b1387/v_serviceChangeState/v_service.c/329/0/1536959331.787744133
========================================================================================
Report      : INFO
Date        : Fri Sep 14 16:08:51 CDT 2018
Description : ++++++++++++++++++++++++++++++++++++++++++++++++
              ++ The service 'ddsi2' is now operational. 
              ++++++++++++++++++++++++++++++++++++++++++++++++
Node        : aditya-MacBookPro
Process     : sacpp_helloworld_pub <3849>
Thread      : ddsi2 7fed2fd91700
Internals   : V6.4.140320OSS/24b1387/24b1387/v_serviceChangeState/v_service.c/329/0/1536959331.795220512
========================================================================================
Report      : INFO
Date        : Fri Sep 14 16:08:51 CDT 2018
Description : The durability service can by identified by ID: 683023669
Node        : aditya-MacBookPro
Process     : sacpp_helloworld_pub <3849>
Thread      : durability 7fed5c14d700
Internals   : V6.4.140320OSS/24b1387/24b1387/DurabilityService/d_durability.c/476/0/1536959331.912201334
========================================================================================
Report      : INFO
Date        : Fri Sep 14 16:09:09 CDT 2018
Description : u_domainNew:Database allocated on heap
Node        : aditya-MacBookPro
Process     : sacpp_helloworld_pub <3919>
Thread      : spliced 7f4621a39700
Internals   : V6.4.140320OSS/24b1387/24b1387/user::u_domain::u_domainNew/u_domain.c/706/0/1536959349.783290726
========================================================================================
Report      : INFO
Date        : Fri Sep 14 16:09:09 CDT 2018
Description : ---------------------------------------------------------------
              -- The service is using the following configuration settings --
              ---------------------------------------------------------------
              Domain (id)          : ospl_sp_ddsi (0)
              Storage              : 10240 Kbytes
              Storage threshold    : 1024 Kbytes
              Storage address      : Not available
              Locking              : default
              Memory mode          : Heap memory
              Builtin topics       : true
              Priority inheritance : false
Node        : aditya-MacBookPro
Process     : sacpp_helloworld_pub <3919>
Thread      : spliced 7f4621a39700
Internals   : V6.4.140320OSS/24b1387/24b1387/The OpenSplice domain service/u_domain.c/827/0/1536959349.792171126
========================================================================================
Report      : INFO
Date        : Fri Sep 14 16:09:09 CDT 2018
Description : ++++++++++++++++++++++++++++++++++++++++++++++++
              ++ The service 'splicedaemon' is now operational. 
              ++++++++++++++++++++++++++++++++++++++++++++++++
Node        : aditya-MacBookPro
Process     : sacpp_helloworld_pub <3919>
Thread      : spliced 7f4621a39700
Internals   : V6.4.140320OSS/24b1387/24b1387/v_serviceChangeState/v_service.c/329/0/1536959349.794136440
========================================================================================
Report      : INFO
Date        : Fri Sep 14 16:09:09 CDT 2018
Description : SOAP service is reachable via port 46267
Node        : aditya-MacBookPro
Process     : sacpp_helloworld_pub <3919>
Thread      : cmsoap 7f461f16b700
Internals   : V6.4.140320OSS/24b1387/24b1387/CM SOAP Service/cms_service.c/410/0/1536959349.796931744
========================================================================================
Report      : INFO
Date        : Fri Sep 14 16:09:09 CDT 2018
Description : ++++++++++++++++++++++++++++++++++++++++++++++++
              ++ The service 'cmsoap' is now operational. 
              ++++++++++++++++++++++++++++++++++++++++++++++++
Node        : aditya-MacBookPro
Process     : sacpp_helloworld_pub <3919>
Thread      : cmsoap 7f461f16b700
Internals   : V6.4.140320OSS/24b1387/24b1387/v_serviceChangeState/v_service.c/329/0/1536959349.797349429
========================================================================================
Report      : INFO
Date        : Fri Sep 14 16:09:09 CDT 2018
Description : ++++++++++++++++++++++++++++++++++++++++++++++++
              ++ The service 'ddsi2' is now operational. 
              ++++++++++++++++++++++++++++++++++++++++++++++++
Node        : aditya-MacBookPro
Process     : sacpp_helloworld_pub <3919>
Thread      : ddsi2 7f461ea9c700
Internals   : V6.4.140320OSS/24b1387/24b1387/v_serviceChangeState/v_service.c/329/0/1536959349.802846939
========================================================================================
Report      : INFO
Date        : Fri Sep 14 16:09:09 CDT 2018
Description : The durability service can by identified by ID: 785548819
Node        : aditya-MacBookPro
Process     : sacpp_helloworld_pub <3919>
Thread      : durability 7f461ee0b700
Internals   : V6.4.140320OSS/24b1387/24b1387/DurabilityService/d_durability.c/476/0/1536959349.815798621
========================================================================================
Report      : INFO
Date        : Fri Sep 14 16:11:14 CDT 2018
Description : u_domainNew:Database allocated on heap
Node        : aditya-MacBookPro
Process     : sacpp_helloworld_sub <4019>
Thread      : spliced 7fc07c495700
Internals   : V6.4.140320OSS/24b1387/24b1387/user::u_domain::u_domainNew/u_domain.c/706/0/1536959474.468627433
========================================================================================
Report      : INFO
Date        : Fri Sep 14 16:11:14 CDT 2018
Description : ---------------------------------------------------------------
              -- The service is using the following configuration settings --
              ---------------------------------------------------------------
              Domain (id)          : ospl_sp_ddsi (0)
              Storage              : 10240 Kbytes
              Storage threshold    : 1024 Kbytes
              Storage address      : Not available
              Locking              : default
              Memory mode          : Heap memory
              Builtin topics       : true
              Priority inheritance : false
Node        : aditya-MacBookPro
Process     : sacpp_helloworld_sub <4019>
Thread      : spliced 7fc07c495700
Internals   : V6.4.140320OSS/24b1387/24b1387/The OpenSplice domain service/u_domain.c/827/0/1536959474.491226783
========================================================================================
Report      : INFO
Date        : Fri Sep 14 16:11:14 CDT 2018
Description : ++++++++++++++++++++++++++++++++++++++++++++++++
              ++ The service 'splicedaemon' is now operational. 
              ++++++++++++++++++++++++++++++++++++++++++++++++
Node        : aditya-MacBookPro
Process     : sacpp_helloworld_sub <4019>
Thread      : spliced 7fc07c495700
Internals   : V6.4.140320OSS/24b1387/24b1387/v_serviceChangeState/v_service.c/329/0/1536959474.492632727
========================================================================================
Report      : INFO
Date        : Fri Sep 14 16:11:14 CDT 2018
Description : SOAP service is reachable via port 44565
Node        : aditya-MacBookPro
Process     : sacpp_helloworld_sub <4019>
Thread      : cmsoap 7fc079bc7700
Internals   : V6.4.140320OSS/24b1387/24b1387/CM SOAP Service/cms_service.c/410/0/1536959474.494779348
========================================================================================
Report      : INFO
Date        : Fri Sep 14 16:11:14 CDT 2018
Description : ++++++++++++++++++++++++++++++++++++++++++++++++
              ++ The service 'cmsoap' is now operational. 
              ++++++++++++++++++++++++++++++++++++++++++++++++
Node        : aditya-MacBookPro
Process     : sacpp_helloworld_sub <4019>
Thread      : cmsoap 7fc079bc7700
Internals   : V6.4.140320OSS/24b1387/24b1387/v_serviceChangeState/v_service.c/329/0/1536959474.495525030
========================================================================================
Report      : INFO
Date        : Fri Sep 14 16:11:14 CDT 2018
Description : ++++++++++++++++++++++++++++++++++++++++++++++++
              ++ The service 'ddsi2' is now operational. 
              ++++++++++++++++++++++++++++++++++++++++++++++++
Node        : aditya-MacBookPro
Process     : sacpp_helloworld_sub <4019>
Thread      : ddsi2 7fc0794f8700
Internals   : V6.4.140320OSS/24b1387/24b1387/v_serviceChangeState/v_service.c/329/0/1536959474.500411338
========================================================================================
Report      : INFO
Date        : Fri Sep 14 16:11:14 CDT 2018
Description : The durability service can by identified by ID: 968244493
Node        : aditya-MacBookPro
Process     : sacpp_helloworld_sub <4019>
Thread      : durability 7fc079867700
Internals   : V6.4.140320OSS/24b1387/24b1387/DurabilityService/d_durability.c/476/0/1536959474.504072362
========================================================================================
Report      : INFO
Date        : Fri Sep 14 16:11:16 CDT 2018
Description : u_domainNew:Database allocated on heap
Node        : aditya-MacBookPro
Process     : sacpp_helloworld_pub <4073>
Thread      : spliced 7f63a59df700
Internals   : V6.4.140320OSS/24b1387/24b1387/user::u_domain::u_domainNew/u_domain.c/706/0/1536959476.616734718
========================================================================================
Report      : INFO
Date        : Fri Sep 14 16:11:16 CDT 2018
Description : ---------------------------------------------------------------
              -- The service is using the following configuration settings --
              ---------------------------------------------------------------
              Domain (id)          : ospl_sp_ddsi (0)
              Storage              : 10240 Kbytes
              Storage threshold    : 1024 Kbytes
              Storage address      : Not available
              Locking              : default
              Memory mode          : Heap memory
              Builtin topics       : true
              Priority inheritance : false
Node        : aditya-MacBookPro
Process     : sacpp_helloworld_pub <4073>
Thread      : spliced 7f63a59df700
Internals   : V6.4.140320OSS/24b1387/24b1387/The OpenSplice domain service/u_domain.c/827/0/1536959476.637745957
========================================================================================
Report      : INFO
Date        : Fri Sep 14 16:11:16 CDT 2018
Description : ++++++++++++++++++++++++++++++++++++++++++++++++
              ++ The service 'splicedaemon' is now operational. 
              ++++++++++++++++++++++++++++++++++++++++++++++++
Node        : aditya-MacBookPro
Process     : sacpp_helloworld_pub <4073>
Thread      : spliced 7f63a59df700
Internals   : V6.4.140320OSS/24b1387/24b1387/v_serviceChangeState/v_service.c/329/0/1536959476.638756631
========================================================================================
Report      : INFO
Date        : Fri Sep 14 16:11:16 CDT 2018
Description : SOAP service is reachable via port 41697
Node        : aditya-MacBookPro
Process     : sacpp_helloworld_pub <4073>
Thread      : cmsoap 7f63a3111700
Internals   : V6.4.140320OSS/24b1387/24b1387/CM SOAP Service/cms_service.c/410/0/1536959476.640091852
========================================================================================
Report      : INFO
Date        : Fri Sep 14 16:11:16 CDT 2018
Description : ++++++++++++++++++++++++++++++++++++++++++++++++
              ++ The service 'cmsoap' is now operational. 
              ++++++++++++++++++++++++++++++++++++++++++++++++
Node        : aditya-MacBookPro
Process     : sacpp_helloworld_pub <4073>
Thread      : cmsoap 7f63a3111700
Internals   : V6.4.140320OSS/24b1387/24b1387/v_serviceChangeState/v_service.c/329/0/1536959476.640341178
========================================================================================
Report      : INFO
Date        : Fri Sep 14 16:11:16 CDT 2018
Description : ++++++++++++++++++++++++++++++++++++++++++++++++
              ++ The service 'ddsi2' is now operational. 
              ++++++++++++++++++++++++++++++++++++++++++++++++
Node        : aditya-MacBookPro
Process     : sacpp_helloworld_pub <4073>
Thread      : ddsi2 7f63a2a20700
Internals   : V6.4.140320OSS/24b1387/24b1387/v_serviceChangeState/v_service.c/329/0/1536959476.646371844
========================================================================================
Report      : INFO
Date        : Fri Sep 14 16:11:16 CDT 2018
Description : The durability service can by identified by ID: 1917114293
Node        : aditya-MacBookPro
Process     : sacpp_helloworld_pub <4073>
Thread      : durability 7f63a2db1700
Internals   : V6.4.140320OSS/24b1387/24b1387/DurabilityService/d_durability.c/476/0/1536959476.864825882
========================================================================================
Report      : INFO
Date        : Fri Sep 14 17:03:35 CDT 2018
Description : u_domainNew:Database allocated on heap
Node        : aditya-MacBookPro
Process     : sacpp_helloworld_sub <6122>
Thread      : spliced 7fd5dfbf4700
Internals   : V6.4.140320OSS/24b1387/24b1387/user::u_domain::u_domainNew/u_domain.c/706/0/1536962615.216802307
========================================================================================
Report      : INFO
Date        : Fri Sep 14 17:03:35 CDT 2018
Description : ---------------------------------------------------------------
              -- The service is using the following configuration settings --
              ---------------------------------------------------------------
              Domain (id)          : ospl_sp_ddsi (0)
              Storage              : 10240 Kbytes
              Storage threshold    : 1024 Kbytes
              Storage address      : Not available
              Locking              : default
              Memory mode          : Heap memory
              Builtin topics       : true
              Priority inheritance : false
Node        : aditya-MacBookPro
Process     : sacpp_helloworld_sub <6122>
Thread      : spliced 7fd5dfbf4700
Internals   : V6.4.140320OSS/24b1387/24b1387/The OpenSplice domain service/u_domain.c/827/0/1536962615.238660774
========================================================================================
Report      : INFO
Date        : Fri Sep 14 17:03:35 CDT 2018
Description : ++++++++++++++++++++++++++++++++++++++++++++++++
              ++ The service 'splicedaemon' is now operational. 
              ++++++++++++++++++++++++++++++++++++++++++++++++
Node        : aditya-MacBookPro
Process     : sacpp_helloworld_sub <6122>
Thread      : spliced 7fd5dfbf4700
Internals   : V6.4.140320OSS/24b1387/24b1387/v_serviceChangeState/v_service.c/329/0/1536962615.240260510
========================================================================================
Report      : INFO
Date        : Fri Sep 14 17:03:35 CDT 2018
Description : SOAP service is reachable via port 33265
Node        : aditya-MacBookPro
Process     : sacpp_helloworld_sub <6122>
Thread      : cmsoap 7fd5dd2ee700
Internals   : V6.4.140320OSS/24b1387/24b1387/CM SOAP Service/cms_service.c/410/0/1536962615.241643683
========================================================================================
Report      : INFO
Date        : Fri Sep 14 17:03:35 CDT 2018
Description : ++++++++++++++++++++++++++++++++++++++++++++++++
              ++ The service 'cmsoap' is now operational. 
              ++++++++++++++++++++++++++++++++++++++++++++++++
Node        : aditya-MacBookPro
Process     : sacpp_helloworld_sub <6122>
Thread      : cmsoap 7fd5dd2ee700
Internals   : V6.4.140320OSS/24b1387/24b1387/v_serviceChangeState/v_service.c/329/0/1536962615.241871959
========================================================================================
Report      : INFO
Date        : Fri Sep 14 17:03:35 CDT 2018
Description : ++++++++++++++++++++++++++++++++++++++++++++++++
              ++ The service 'ddsi2' is now operational. 
              ++++++++++++++++++++++++++++++++++++++++++++++++
Node        : aditya-MacBookPro
Process     : sacpp_helloworld_sub <6122>
Thread      : ddsi2 7fd5dcbfd700
Internals   : V6.4.140320OSS/24b1387/24b1387/v_serviceChangeState/v_service.c/329/0/1536962615.246810459
========================================================================================
Report      : INFO
Date        : Fri Sep 14 17:03:35 CDT 2018
Description : The durability service can by identified by ID: 1175951725
Node        : aditya-MacBookPro
Process     : sacpp_helloworld_sub <6122>
Thread      : durability 7fd5dcf8e700
Internals   : V6.4.140320OSS/24b1387/24b1387/DurabilityService/d_durability.c/476/0/1536962615.251515898
========================================================================================
Report      : INFO
Date        : Fri Sep 14 17:03:40 CDT 2018
Description : u_domainNew:Database allocated on heap
Node        : aditya-MacBookPro
Process     : sacpp_helloworld_pub <6176>
Thread      : spliced 7f38a7faf700
Internals   : V6.4.140320OSS/24b1387/24b1387/user::u_domain::u_domainNew/u_domain.c/706/0/1536962620.980768066
========================================================================================
Report      : INFO
Date        : Fri Sep 14 17:03:41 CDT 2018
Description : ---------------------------------------------------------------
              -- The service is using the following configuration settings --
              ---------------------------------------------------------------
              Domain (id)          : ospl_sp_ddsi (0)
              Storage              : 10240 Kbytes
              Storage threshold    : 1024 Kbytes
              Storage address      : Not available
              Locking              : default
              Memory mode          : Heap memory
              Builtin topics       : true
              Priority inheritance : false
Node        : aditya-MacBookPro
Process     : sacpp_helloworld_pub <6176>
Thread      : spliced 7f38a7faf700
Internals   : V6.4.140320OSS/24b1387/24b1387/The OpenSplice domain service/u_domain.c/827/0/1536962621.003438676
========================================================================================
Report      : INFO
Date        : Fri Sep 14 17:03:41 CDT 2018
Description : ++++++++++++++++++++++++++++++++++++++++++++++++
              ++ The service 'splicedaemon' is now operational. 
              ++++++++++++++++++++++++++++++++++++++++++++++++
Node        : aditya-MacBookPro
Process     : sacpp_helloworld_pub <6176>
Thread      : spliced 7f38a7faf700
Internals   : V6.4.140320OSS/24b1387/24b1387/v_serviceChangeState/v_service.c/329/0/1536962621.004662299
========================================================================================
Report      : INFO
Date        : Fri Sep 14 17:03:41 CDT 2018
Description : SOAP service is reachable via port 35863
Node        : aditya-MacBookPro
Process     : sacpp_helloworld_pub <6176>
Thread      : cmsoap 7f38a56a9700
Internals   : V6.4.140320OSS/24b1387/24b1387/CM SOAP Service/cms_service.c/410/0/1536962621.007053481
========================================================================================
Report      : INFO
Date        : Fri Sep 14 17:03:41 CDT 2018
Description : ++++++++++++++++++++++++++++++++++++++++++++++++
              ++ The service 'cmsoap' is now operational. 
              ++++++++++++++++++++++++++++++++++++++++++++++++
Node        : aditya-MacBookPro
Process     : sacpp_helloworld_pub <6176>
Thread      : cmsoap 7f38a56a9700
Internals   : V6.4.140320OSS/24b1387/24b1387/v_serviceChangeState/v_service.c/329/0/1536962621.007553668
========================================================================================
Report      : INFO
Date        : Fri Sep 14 17:03:41 CDT 2018
Description : ++++++++++++++++++++++++++++++++++++++++++++++++
              ++ The service 'ddsi2' is now operational. 
              ++++++++++++++++++++++++++++++++++++++++++++++++
Node        : aditya-MacBookPro
Process     : sacpp_helloworld_pub <6176>
Thread      : ddsi2 7f38a4fda700
Internals   : V6.4.140320OSS/24b1387/24b1387/v_serviceChangeState/v_service.c/329/0/1536962621.015467072
========================================================================================
Report      : INFO
Date        : Fri Sep 14 17:03:41 CDT 2018
Description : The durability service can by identified by ID: 1107963075
Node        : aditya-MacBookPro
Process     : sacpp_helloworld_pub <6176>
Thread      : durability 7f38a5349700
Internals   : V6.4.140320OSS/24b1387/24b1387/DurabilityService/d_durability.c/476/0/1536962621.134588262
========================================================================================
Report      : INFO
Date        : Fri Sep 14 17:39:44 CDT 2018
Description : u_domainNew:Database allocated on heap
Node        : aditya-MacBookPro
Process     : sacpp_helloworld_sub <8730>
Thread      : spliced 7f6aa28a8700
Internals   : V6.4.140320OSS/24b1387/24b1387/user::u_domain::u_domainNew/u_domain.c/706/0/1536964784.605067002
========================================================================================
Report      : INFO
Date        : Fri Sep 14 17:39:44 CDT 2018
Description : ---------------------------------------------------------------
              -- The service is using the following configuration settings --
              ---------------------------------------------------------------
              Domain (id)          : ospl_sp_ddsi (0)
              Storage              : 10240 Kbytes
              Storage threshold    : 1024 Kbytes
              Storage address      : Not available
              Locking              : default
              Memory mode          : Heap memory
              Builtin topics       : true
              Priority inheritance : false
Node        : aditya-MacBookPro
Process     : sacpp_helloworld_sub <8730>
Thread      : spliced 7f6aa28a8700
Internals   : V6.4.140320OSS/24b1387/24b1387/The OpenSplice domain service/u_domain.c/827/0/1536964784.625198647
========================================================================================
Report      : INFO
Date        : Fri Sep 14 17:39:44 CDT 2018
Description : ++++++++++++++++++++++++++++++++++++++++++++++++
              ++ The service 'splicedaemon' is now operational. 
              ++++++++++++++++++++++++++++++++++++++++++++++++
Node        : aditya-MacBookPro
Process     : sacpp_helloworld_sub <8730>
Thread      : spliced 7f6aa28a8700
Internals   : V6.4.140320OSS/24b1387/24b1387/v_serviceChangeState/v_service.c/329/0/1536964784.626566892
========================================================================================
Report      : INFO
Date        : Fri Sep 14 17:39:44 CDT 2018
Description : SOAP service is reachable via port 39611
Node        : aditya-MacBookPro
Process     : sacpp_helloworld_sub <8730>
Thread      : cmsoap 7f6aa01b2700
Internals   : V6.4.140320OSS/24b1387/24b1387/CM SOAP Service/cms_service.c/410/0/1536964784.628080364
========================================================================================
Report      : INFO
Date        : Fri Sep 14 17:39:44 CDT 2018
Description : ++++++++++++++++++++++++++++++++++++++++++++++++
              ++ The service 'cmsoap' is now operational. 
              ++++++++++++++++++++++++++++++++++++++++++++++++
Node        : aditya-MacBookPro
Process     : sacpp_helloworld_sub <8730>
Thread      : cmsoap 7f6aa01b2700
Internals   : V6.4.140320OSS/24b1387/24b1387/v_serviceChangeState/v_service.c/329/0/1536964784.628338828
========================================================================================
Report      : INFO
Date        : Fri Sep 14 17:39:44 CDT 2018
Description : ++++++++++++++++++++++++++++++++++++++++++++++++
              ++ The service 'ddsi2' is now operational. 
              ++++++++++++++++++++++++++++++++++++++++++++++++
Node        : aditya-MacBookPro
Process     : sacpp_helloworld_sub <8730>
Thread      : ddsi2 7f6a7b821700
Internals   : V6.4.140320OSS/24b1387/24b1387/v_serviceChangeState/v_service.c/329/0/1536964784.633930149
========================================================================================
Report      : INFO
Date        : Fri Sep 14 17:39:44 CDT 2018
Description : The durability service can by identified by ID: 1187091408
Node        : aditya-MacBookPro
Process     : sacpp_helloworld_sub <8730>
Thread      : durability 7f6a7bb90700
Internals   : V6.4.140320OSS/24b1387/24b1387/DurabilityService/d_durability.c/476/0/1536964784.638037716
========================================================================================
Report      : INFO
Date        : Fri Sep 14 17:39:46 CDT 2018
Description : u_domainNew:Database allocated on heap
Node        : aditya-MacBookPro
Process     : sacpp_helloworld_pub <8783>
Thread      : spliced 7fed3108a700
Internals   : V6.4.140320OSS/24b1387/24b1387/user::u_domain::u_domainNew/u_domain.c/706/0/1536964786.265297409
========================================================================================
Report      : INFO
Date        : Fri Sep 14 17:39:46 CDT 2018
Description : ---------------------------------------------------------------
              -- The service is using the following configuration settings --
              ---------------------------------------------------------------
              Domain (id)          : ospl_sp_ddsi (0)
              Storage              : 10240 Kbytes
              Storage threshold    : 1024 Kbytes
              Storage address      : Not available
              Locking              : default
              Memory mode          : Heap memory
              Builtin topics       : true
              Priority inheritance : false
Node        : aditya-MacBookPro
Process     : sacpp_helloworld_pub <8783>
Thread      : spliced 7fed3108a700
Internals   : V6.4.140320OSS/24b1387/24b1387/The OpenSplice domain service/u_domain.c/827/0/1536964786.278254904
========================================================================================
Report      : INFO
Date        : Fri Sep 14 17:39:46 CDT 2018
Description : ++++++++++++++++++++++++++++++++++++++++++++++++
              ++ The service 'splicedaemon' is now operational. 
              ++++++++++++++++++++++++++++++++++++++++++++++++
Node        : aditya-MacBookPro
Process     : sacpp_helloworld_pub <8783>
Thread      : spliced 7fed3108a700
Internals   : V6.4.140320OSS/24b1387/24b1387/v_serviceChangeState/v_service.c/329/0/1536964786.279131118
========================================================================================
Report      : INFO
Date        : Fri Sep 14 17:39:46 CDT 2018
Description : SOAP service is reachable via port 33805
Node        : aditya-MacBookPro
Process     : sacpp_helloworld_pub <8783>
Thread      : cmsoap 7fed2e784700
Internals   : V6.4.140320OSS/24b1387/24b1387/CM SOAP Service/cms_service.c/410/0/1536964786.280445196
========================================================================================
Report      : INFO
Date        : Fri Sep 14 17:39:46 CDT 2018
Description : ++++++++++++++++++++++++++++++++++++++++++++++++
              ++ The service 'cmsoap' is now operational. 
              ++++++++++++++++++++++++++++++++++++++++++++++++
Node        : aditya-MacBookPro
Process     : sacpp_helloworld_pub <8783>
Thread      : cmsoap 7fed2e784700
Internals   : V6.4.140320OSS/24b1387/24b1387/v_serviceChangeState/v_service.c/329/0/1536964786.280718370
========================================================================================
Report      : INFO
Date        : Fri Sep 14 17:39:46 CDT 2018
Description : ++++++++++++++++++++++++++++++++++++++++++++++++
              ++ The service 'ddsi2' is now operational. 
              ++++++++++++++++++++++++++++++++++++++++++++++++
Node        : aditya-MacBookPro
Process     : sacpp_helloworld_pub <8783>
Thread      : ddsi2 7fed2e0a4700
Internals   : V6.4.140320OSS/24b1387/24b1387/v_serviceChangeState/v_service.c/329/0/1536964786.285593914
========================================================================================
Report      : INFO
Date        : Fri Sep 14 17:39:46 CDT 2018
Description : The durability service can by identified by ID: 958746519
Node        : aditya-MacBookPro
Process     : sacpp_helloworld_pub <8783>
Thread      : durability 7fed2e424700
Internals   : V6.4.140320OSS/24b1387/24b1387/DurabilityService/d_durability.c/476/0/1536964786.291447548
