========================================================================================
Report      : ERROR
Date        : Fri Sep 14 16:09:08 CDT 2018
Description : Could not open file://@@INSTALLDIR@@/HDE/x86_64.linux/etc/config/ospl.xml
Node        : aditya-MacBookPro
Process     : sacpp_helloworld_sub <3915>
Thread      : main thread 7f77bfd00740
Internals   : V6.4.140320OSS/24b1387/24b1387/configuration parser/cfg_parser.y/340/0/1536959348.289882463
========================================================================================
Report      : ERROR
Date        : Fri Sep 14 16:09:08 CDT 2018
Description : Could not open file://@@INSTALLDIR@@/HDE/x86_64.linux/etc/config/ospl.xml
Node        : aditya-MacBookPro
Process     : sacpp_helloworld_sub <3915>
Thread      : main thread 7f77bfd00740
Internals   : V6.4.140320OSS/24b1387/24b1387/configuration parser/cfg_parser.y/340/0/1536959348.290114110
========================================================================================
Report      : ERROR
Date        : Fri Sep 14 16:09:08 CDT 2018
Description : Could not open file://@@INSTALLDIR@@/HDE/x86_64.linux/etc/config/ospl.xml
Node        : aditya-MacBookPro
Process     : sacpp_helloworld_sub <3915>
Thread      : main thread 7f77bfd00740
Internals   : V6.4.140320OSS/24b1387/24b1387/configuration parser/cfg_parser.y/340/0/1536959348.290330982
========================================================================================
Report      : ERROR
Date        : Fri Sep 14 16:09:08 CDT 2018
Description : Could not open file://@@INSTALLDIR@@/HDE/x86_64.linux/etc/config/ospl.xml
Node        : aditya-MacBookPro
Process     : sacpp_helloworld_sub <3915>
Thread      : main thread 7f77bfd00740
Internals   : V6.4.140320OSS/24b1387/24b1387/configuration parser/cfg_parser.y/340/0/1536959348.290433998
========================================================================================
Report      : ERROR
Date        : Fri Sep 14 16:09:09 CDT 2018
Description : os_sharedMemoryAttach failed
Node        : aditya-MacBookPro
Process     : sacpp_helloworld_sub <3915>
Thread      : main thread 7f77bfd00740
Internals   : V6.4.140320OSS/24b1387/24b1387/user::u_domain::u_domainOpen/u_domain.c/998/0/1536959349.291139341
========================================================================================
Report      : ERROR
Date        : Fri Sep 14 16:09:09 CDT 2018
Description : c_open failed
Node        : aditya-MacBookPro
Process     : sacpp_helloworld_sub <3915>
Thread      : main thread 7f77bfd00740
Internals   : V6.4.140320OSS/24b1387/24b1387/user::u_domain::u_domainOpen/u_domain.c/1013/0/1536959349.291252199
========================================================================================
Report      : ERROR
Date        : Fri Sep 14 16:09:09 CDT 2018
Description : Failure to open the domain, URI="file://@@INSTALLDIR@@/HDE/x86_64.linux/etc/config/ospl.xml" The most common cause of this error is that OpenSpliceDDS is not running (when using shared memory mode). Please make sure to start OpenSplice before creating a DomainParticipant.
Node        : aditya-MacBookPro
Process     : sacpp_helloworld_sub <3915>
Thread      : main thread 7f77bfd00740
Internals   : V6.4.140320OSS/24b1387/24b1387/u_participantNew/u_participant.c/148/0/1536959349.291311872
========================================================================================
Report      : API_INFO
Date        : Fri Sep 14 16:09:09 CDT 2018
Description : DomainParticipantFactory::create_participant creation of kernel entity failed
Node        : aditya-MacBookPro
Process     : sacpp_helloworld_sub <3915>
Thread      : main thread 7f77bfd00740
Internals   : V6.4.140320OSS/24b1387/24b1387/DCPS API/gapi_domainParticipant.c/543/3/1536959349.291369449
========================================================================================
Report      : ERROR
Date        : Fri Sep 14 16:09:21 CDT 2018
Description : Could not open file://@@INSTALLDIR@@/HDE/x86_64.linux/etc/config/ospl.xml
Node        : aditya-MacBookPro
Process     : sacpp_helloworld_sub <3972>
Thread      : main thread 7ff09c374740
Internals   : V6.4.140320OSS/24b1387/24b1387/configuration parser/cfg_parser.y/340/0/1536959361.216839107
========================================================================================
Report      : ERROR
Date        : Fri Sep 14 16:09:21 CDT 2018
Description : Could not open file://@@INSTALLDIR@@/HDE/x86_64.linux/etc/config/ospl.xml
Node        : aditya-MacBookPro
Process     : sacpp_helloworld_sub <3972>
Thread      : main thread 7ff09c374740
Internals   : V6.4.140320OSS/24b1387/24b1387/configuration parser/cfg_parser.y/340/0/1536959361.217159214
========================================================================================
Report      : ERROR
Date        : Fri Sep 14 16:09:21 CDT 2018
Description : Could not open file://@@INSTALLDIR@@/HDE/x86_64.linux/etc/config/ospl.xml
Node        : aditya-MacBookPro
Process     : sacpp_helloworld_sub <3972>
Thread      : main thread 7ff09c374740
Internals   : V6.4.140320OSS/24b1387/24b1387/configuration parser/cfg_parser.y/340/0/1536959361.217439068
========================================================================================
Report      : ERROR
Date        : Fri Sep 14 16:09:21 CDT 2018
Description : Could not open file://@@INSTALLDIR@@/HDE/x86_64.linux/etc/config/ospl.xml
Node        : aditya-MacBookPro
Process     : sacpp_helloworld_sub <3972>
Thread      : main thread 7ff09c374740
Internals   : V6.4.140320OSS/24b1387/24b1387/configuration parser/cfg_parser.y/340/0/1536959361.217591672
========================================================================================
Report      : ERROR
Date        : Fri Sep 14 16:09:22 CDT 2018
Description : os_sharedMemoryAttach failed
Node        : aditya-MacBookPro
Process     : sacpp_helloworld_sub <3972>
Thread      : main thread 7ff09c374740
Internals   : V6.4.140320OSS/24b1387/24b1387/user::u_domain::u_domainOpen/u_domain.c/998/0/1536959362.218440461
========================================================================================
Report      : ERROR
Date        : Fri Sep 14 16:09:22 CDT 2018
Description : c_open failed
Node        : aditya-MacBookPro
Process     : sacpp_helloworld_sub <3972>
Thread      : main thread 7ff09c374740
Internals   : V6.4.140320OSS/24b1387/24b1387/user::u_domain::u_domainOpen/u_domain.c/1013/0/1536959362.218553029
========================================================================================
Report      : ERROR
Date        : Fri Sep 14 16:09:22 CDT 2018
Description : Failure to open the domain, URI="file://@@INSTALLDIR@@/HDE/x86_64.linux/etc/config/ospl.xml" The most common cause of this error is that OpenSpliceDDS is not running (when using shared memory mode). Please make sure to start OpenSplice before creating a DomainParticipant.
Node        : aditya-MacBookPro
Process     : sacpp_helloworld_sub <3972>
Thread      : main thread 7ff09c374740
Internals   : V6.4.140320OSS/24b1387/24b1387/u_participantNew/u_participant.c/148/0/1536959362.218598778
========================================================================================
Report      : API_INFO
Date        : Fri Sep 14 16:09:22 CDT 2018
Description : DomainParticipantFactory::create_participant creation of kernel entity failed
Node        : aditya-MacBookPro
Process     : sacpp_helloworld_sub <3972>
Thread      : main thread 7ff09c374740
Internals   : V6.4.140320OSS/24b1387/24b1387/DCPS API/gapi_domainParticipant.c/543/3/1536959362.218639179
